<?xml version="1.0" encoding="UTF-8"?>
<testng-results skipped="0" failed="0" total="1" passed="1">
  <reporter-output>
    <line>
      <![CDATA[ValidatePageTitle]]>
    </line>
  </reporter-output>
  <suite name="Test Suite" duration-ms="18620" started-at="2020-09-30T05:25:45Z" finished-at="2020-09-30T05:26:03Z">
    <groups>
      <group name="cucumber">
        <method signature="AbstractTestNGCucumberTests.feature(cucumber.api.testng.CucumberFeatureWrapper)[pri:0, instance:testRunners.TestRunner@290ec4fc]" name="feature" class="cucumber.api.testng.AbstractTestNGCucumberTests"/>
      </group> <!-- cucumber -->
    </groups>
    <test name="UI automation" duration-ms="18620" started-at="2020-09-30T05:25:45Z" finished-at="2020-09-30T05:26:03Z">
      <class name="testRunners.TestRunner">
        <test-method status="PASS" signature="setUpClass()[pri:0, instance:testRunners.TestRunner@290ec4fc]" name="setUpClass" is-config="true" duration-ms="448" started-at="2020-09-30T10:55:45Z" finished-at="2020-09-30T10:55:45Z">
          <reporter-output>
          </reporter-output>
        </test-method> <!-- setUpClass -->
        <test-method status="PASS" signature="setup()[pri:0, instance:testRunners.TestRunner@290ec4fc]" name="setup" is-config="true" duration-ms="370" started-at="2020-09-30T10:55:45Z" finished-at="2020-09-30T10:55:45Z">
          <reporter-output>
          </reporter-output>
        </test-method> <!-- setup -->
        <test-method status="PASS" signature="feature(cucumber.api.testng.CucumberFeatureWrapper)[pri:0, instance:testRunners.TestRunner@290ec4fc]" name="feature" duration-ms="17568" started-at="2020-09-30T10:55:46Z" description="Runs Cucumber Feature" data-provider="features" finished-at="2020-09-30T10:56:03Z">
          <params>
            <param index="0">
              <value>
                <![CDATA[Welcomescreen test]]>
              </value>
            </param>
          </params>
          <reporter-output>
            <line>
              <![CDATA[ValidatePageTitle]]>
            </line>
          </reporter-output>
        </test-method> <!-- feature -->
        <test-method status="PASS" signature="tearDownClass()[pri:0, instance:testRunners.TestRunner@290ec4fc]" name="tearDownClass" is-config="true" duration-ms="128" started-at="2020-09-30T10:56:03Z" finished-at="2020-09-30T10:56:03Z">
          <reporter-output>
          </reporter-output>
        </test-method> <!-- tearDownClass -->
      </class> <!-- testRunners.TestRunner -->
    </test> <!-- UI automation -->
  </suite> <!-- Test Suite -->
</testng-results>
